Using pre-set license
Built from '2020.2/release' branch; Version is '2020.2.0f1 (3721df5a8b28) revision 3613151'; Using compiler version '192528614'; Build Type 'Release'
OS: 'Windows 10  (10.0.0) 64bit' Language: 'en' Physical Memory: 8140 MB
BatchMode: 1, IsHumanControllingUs: 0, StartBugReporterOnCrash: 0, Is64bit: 1, IsPro: 0

 COMMAND LINE ARGUMENTS:
C:\Program Files\Unity\Hub\Editor\2020.2.0f1\Editor\Unity.exe
-adb2
-batchMode
-noUpm
-name
AssetImportWorker0
-projectPath
G:/dev/2020.x/Game of Life
-logFile
Logs/AssetImportWorker0.log
-srvPort
54109
Successfully changed project path to: G:/dev/2020.x/Game of Life
G:/dev/2020.x/Game of Life
Using Asset Import Pipeline V2.
Refreshing native plugins compatible for Editor in 36.37 ms, found 1 plugins.
Preloading 0 native plugins for Editor in 0.00 ms.
Initialize engine version: 2020.2.0f1 (3721df5a8b28)
[Subsystems] Discovering subsystems at path C:/Program Files/Unity/Hub/Editor/2020.2.0f1/Editor/Data/Resources/UnitySubsystems
[Subsystems] Discovering subsystems at path G:/dev/2020.x/Game of Life/Assets
GfxDevice: creating device client; threaded=0
Direct3D:
    Version:  Direct3D 11.0 [level 11.1]
    Renderer: NVIDIA GeForce GTX 1660 (ID=0x2184)
    Vendor:   
    VRAM:     5991 MB
    Driver:   27.21.14.5671
Initialize mono
Mono path[0] = 'C:/Program Files/Unity/Hub/Editor/2020.2.0f1/Editor/Data/Managed'
Mono path[1] = 'C:/Program Files/Unity/Hub/Editor/2020.2.0f1/Editor/Data/MonoBleedingEdge/lib/mono/unityjit'
Mono config path = 'C:/Program Files/Unity/Hub/Editor/2020.2.0f1/Editor/Data/MonoBleedingEdge/etc'
Using monoOptions --debugger-agent=transport=dt_socket,embedding=1,server=y,suspend=n,address=127.0.0.1:56996
Begin MonoManager ReloadAssembly
Registering precompiled unity dll's ...
Register platform support module: C:/Program Files/Unity/Hub/Editor/2020.2.0f1/Editor/Data/PlaybackEngines/WebGLSupport/UnityEditor.WebGL.Extensions.dll
Register platform support module: C:/Program Files/Unity/Hub/Editor/2020.2.0f1/Editor/Data/PlaybackEngines/WindowsStandaloneSupport/UnityEditor.WindowsStandalone.Extensions.dll
Registered in 0.002879 seconds.
Native extension for WindowsStandalone target not found
Native extension for WebGL target not found
Refreshing native plugins compatible for Editor in 34.40 ms, found 1 plugins.
Preloading 0 native plugins for Editor in 0.00 ms.
Invoked RoslynAnalysisRunner static constructor.
RoslynAnalysisRunner will not be running.
RoslynAnalysisRunner has terminated.
Mono: successfully reloaded assembly
- Completed reload, in  2.524 seconds
Platform modules already initialized, skipping
Registering precompiled user dll's ...
Registered in 0.000915 seconds.
Begin MonoManager ReloadAssembly
Native extension for WindowsStandalone target not found
Native extension for WebGL target not found
Refreshing native plugins compatible for Editor in 35.77 ms, found 1 plugins.
Preloading 0 native plugins for Editor in 0.00 ms.
Invoked RoslynAnalysisRunner static constructor.
RoslynAnalysisRunner will not be running.
RoslynAnalysisRunner has terminated.
Mono: successfully reloaded assembly
- Completed reload, in  0.940 seconds
Platform modules already initialized, skipping
========================================================================
Worker process is ready to serve import requests
Launched and connected shader compiler UnityShaderCompiler.exe after 0.03 seconds
Refreshing native plugins compatible for Editor in 0.35 ms, found 1 plugins.
Preloading 0 native plugins for Editor in 0.00 ms.
Unloading 1789 Unused Serialized files (Serialized files now loaded: 0)
System memory in use before: 83.6 MB.
System memory in use after: 83.6 MB.

Unloading 24 unused Assets to reduce memory usage. Loaded Objects now: 2228.
Total: 2.169000 ms (FindLiveObjects: 0.238100 ms CreateObjectMapping: 0.048500 ms MarkObjects: 1.770100 ms  DeleteObjects: 0.111400 ms)

========================================================================
Received Import Request.
  path: Assets/Scripts/GameRules.cs
  artifactKey: Guid(e5af4dd694240d24e8cc32dc824906eb) Importer(815301076,1909f56bfc062723c751e8b465ee728b)
Start importing Assets/Scripts/GameRules.cs using Guid(e5af4dd694240d24e8cc32dc824906eb) Importer(815301076,1909f56bfc062723c751e8b465ee728b)  -> (artifact id: '456755b4091d6b261d75d5e802ce6a59') in 0.023557 seconds
  Import took 0.026545 seconds .

========================================================================
Received Prepare
Registering precompiled user dll's ...
Registered in 0.000877 seconds.
Begin MonoManager ReloadAssembly
Native extension for WindowsStandalone target not found
Native extension for WebGL target not found
Refreshing native plugins compatible for Editor in 0.37 ms, found 1 plugins.
Preloading 0 native plugins for Editor in 0.00 ms.
Invoked RoslynAnalysisRunner static constructor.
RoslynAnalysisRunner will not be running.
RoslynAnalysisRunner has terminated.
Mono: successfully reloaded assembly
- Completed reload, in  0.859 seconds
Platform modules already initialized, skipping
Refreshing native plugins compatible for Editor in 0.37 ms, found 1 plugins.
Preloading 0 native plugins for Editor in 0.00 ms.
Unloading 1784 Unused Serialized files (Serialized files now loaded: 0)
System memory in use before: 83.6 MB.
System memory in use after: 83.6 MB.

Unloading 12 unused Assets to reduce memory usage. Loaded Objects now: 2231.
Total: 2.490000 ms (FindLiveObjects: 0.212300 ms CreateObjectMapping: 0.042800 ms MarkObjects: 2.110400 ms  DeleteObjects: 0.123300 ms)

========================================================================
Received Import Request.
  Time since last request: 281.306544 seconds.
  path: Assets/Scripts/Cell.cs
  artifactKey: Guid(abe975a68e123424ebd8b4dd4f73386b) Importer(815301076,1909f56bfc062723c751e8b465ee728b)
Start importing Assets/Scripts/Cell.cs using Guid(abe975a68e123424ebd8b4dd4f73386b) Importer(815301076,1909f56bfc062723c751e8b465ee728b)  -> (artifact id: '29e41370ab50f497a8d53cde162a5d11') in 0.005006 seconds
  Import took 0.040990 seconds .

========================================================================
Received Import Request.
  Time since last request: 7.208891 seconds.
  path: Assets/Prefabs
  artifactKey: Guid(9e3942f8212e98b47af6fde64ccab978) Importer(815301076,1909f56bfc062723c751e8b465ee728b)
Start importing Assets/Prefabs using Guid(9e3942f8212e98b47af6fde64ccab978) Importer(815301076,1909f56bfc062723c751e8b465ee728b)  -> (artifact id: '54de76b63bc72eada2959f118a47406f') in 0.008221 seconds
  Import took 0.013876 seconds .

========================================================================
Received Import Request.
  Time since last request: 100.488717 seconds.
  path: Assets/Prefabs/Cell.prefab
  artifactKey: Guid(d406872bfd7301248bcb631d72d3d692) Importer(815301076,1909f56bfc062723c751e8b465ee728b)
Start importing Assets/Prefabs/Cell.prefab using Guid(d406872bfd7301248bcb631d72d3d692) Importer(815301076,1909f56bfc062723c751e8b465ee728b)  -> (artifact id: 'e486ffa7bbc869a815985a8ff95038f6') in 0.085171 seconds
  Import took 0.089544 seconds .

========================================================================
Received Import Request.
  Time since last request: 7.367779 seconds.
  path: Assets/Prefabs/Cell.prefab
  artifactKey: Guid(d406872bfd7301248bcb631d72d3d692) Importer(815301076,1909f56bfc062723c751e8b465ee728b)
Start importing Assets/Prefabs/Cell.prefab using Guid(d406872bfd7301248bcb631d72d3d692) Importer(815301076,1909f56bfc062723c751e8b465ee728b)  -> (artifact id: '201b22c7e3e3bd8887574c12818fdedd') in 0.013993 seconds
  Import took 0.017354 seconds .

========================================================================
Received Import Request.
  Time since last request: 0.000938 seconds.
  path: Assets/Prefabs/Cell.prefab
  artifactKey: Guid(d406872bfd7301248bcb631d72d3d692) Importer(815301076,1909f56bfc062723c751e8b465ee728b)
Start importing Assets/Prefabs/Cell.prefab using Guid(d406872bfd7301248bcb631d72d3d692) Importer(815301076,1909f56bfc062723c751e8b465ee728b)  -> (artifact id: '201b22c7e3e3bd8887574c12818fdedd') in 0.009803 seconds
  Import took 0.012969 seconds .

========================================================================
Received Import Request.
  Time since last request: 29.668925 seconds.
  path: Assets/Prefabs/Cell.prefab
  artifactKey: Guid(d406872bfd7301248bcb631d72d3d692) Importer(815301076,1909f56bfc062723c751e8b465ee728b)
Start importing Assets/Prefabs/Cell.prefab using Guid(d406872bfd7301248bcb631d72d3d692) Importer(815301076,1909f56bfc062723c751e8b465ee728b)  -> (artifact id: '29344fc8feb0cf5d0edb00b8e8add2ed') in 0.012640 seconds
  Import took 0.017744 seconds .

========================================================================
Received Import Request.
  Time since last request: 0.013119 seconds.
  path: Assets/Prefabs/Cell.prefab
  artifactKey: Guid(d406872bfd7301248bcb631d72d3d692) Importer(815301076,1909f56bfc062723c751e8b465ee728b)
Start importing Assets/Prefabs/Cell.prefab using Guid(d406872bfd7301248bcb631d72d3d692) Importer(815301076,1909f56bfc062723c751e8b465ee728b)  -> (artifact id: '29344fc8feb0cf5d0edb00b8e8add2ed') in 0.008833 seconds
  Import took 0.012187 seconds .

========================================================================
Received Prepare
Registering precompiled user dll's ...
Registered in 0.000786 seconds.
Begin MonoManager ReloadAssembly
Native extension for WindowsStandalone target not found
Native extension for WebGL target not found
Refreshing native plugins compatible for Editor in 0.39 ms, found 1 plugins.
Preloading 0 native plugins for Editor in 0.00 ms.
Invoked RoslynAnalysisRunner static constructor.
RoslynAnalysisRunner will not be running.
RoslynAnalysisRunner has terminated.
Mono: successfully reloaded assembly
- Completed reload, in  0.857 seconds
Platform modules already initialized, skipping
Refreshing native plugins compatible for Editor in 0.37 ms, found 1 plugins.
Preloading 0 native plugins for Editor in 0.00 ms.
Unloading 1784 Unused Serialized files (Serialized files now loaded: 0)
System memory in use before: 86.8 MB.
System memory in use after: 86.8 MB.

Unloading 12 unused Assets to reduce memory usage. Loaded Objects now: 2241.
Total: 2.044300 ms (FindLiveObjects: 0.193700 ms CreateObjectMapping: 0.043800 ms MarkObjects: 1.715500 ms  DeleteObjects: 0.090000 ms)

========================================================================
Received Import Request.
  Time since last request: 275.641052 seconds.
  path: Assets/Scripts/GameRules.cs
  artifactKey: Guid(e5af4dd694240d24e8cc32dc824906eb) Importer(815301076,1909f56bfc062723c751e8b465ee728b)
Start importing Assets/Scripts/GameRules.cs using Guid(e5af4dd694240d24e8cc32dc824906eb) Importer(815301076,1909f56bfc062723c751e8b465ee728b)  -> (artifact id: '2737367a51aaa83e57cae4b58daaf71f') in 0.005925 seconds
  Import took 0.211422 seconds .

========================================================================
Received Prepare
Registering precompiled user dll's ...
Registered in 0.000763 seconds.
Begin MonoManager ReloadAssembly
Native extension for WindowsStandalone target not found
Native extension for WebGL target not found
Refreshing native plugins compatible for Editor in 0.37 ms, found 1 plugins.
Preloading 0 native plugins for Editor in 0.00 ms.
Invoked RoslynAnalysisRunner static constructor.
RoslynAnalysisRunner will not be running.
RoslynAnalysisRunner has terminated.
Mono: successfully reloaded assembly
- Completed reload, in  0.842 seconds
Platform modules already initialized, skipping
Refreshing native plugins compatible for Editor in 0.36 ms, found 1 plugins.
Preloading 0 native plugins for Editor in 0.00 ms.
Unloading 1784 Unused Serialized files (Serialized files now loaded: 0)
System memory in use before: 86.9 MB.
System memory in use after: 86.9 MB.

Unloading 12 unused Assets to reduce memory usage. Loaded Objects now: 2244.
Total: 2.176900 ms (FindLiveObjects: 0.229500 ms CreateObjectMapping: 0.047600 ms MarkObjects: 1.802700 ms  DeleteObjects: 0.095900 ms)

========================================================================
Received Prepare
Registering precompiled user dll's ...
Registered in 0.000775 seconds.
Begin MonoManager ReloadAssembly
Native extension for WindowsStandalone target not found
Native extension for WebGL target not found
Refreshing native plugins compatible for Editor in 0.39 ms, found 1 plugins.
Preloading 0 native plugins for Editor in 0.00 ms.
Invoked RoslynAnalysisRunner static constructor.
RoslynAnalysisRunner will not be running.
RoslynAnalysisRunner has terminated.
Mono: successfully reloaded assembly
- Completed reload, in  0.833 seconds
Platform modules already initialized, skipping
Refreshing native plugins compatible for Editor in 0.36 ms, found 1 plugins.
Preloading 0 native plugins for Editor in 0.00 ms.
Unloading 1784 Unused Serialized files (Serialized files now loaded: 0)
System memory in use before: 87.0 MB.
System memory in use after: 87.0 MB.

Unloading 12 unused Assets to reduce memory usage. Loaded Objects now: 2247.
Total: 2.042600 ms (FindLiveObjects: 0.193300 ms CreateObjectMapping: 0.044800 ms MarkObjects: 1.710200 ms  DeleteObjects: 0.093400 ms)

========================================================================
Received Prepare
Registering precompiled user dll's ...
Registered in 0.000784 seconds.
Begin MonoManager ReloadAssembly
Native extension for WindowsStandalone target not found
Native extension for WebGL target not found
Refreshing native plugins compatible for Editor in 0.38 ms, found 1 plugins.
Preloading 0 native plugins for Editor in 0.00 ms.
Invoked RoslynAnalysisRunner static constructor.
RoslynAnalysisRunner will not be running.
RoslynAnalysisRunner has terminated.
Mono: successfully reloaded assembly
- Completed reload, in  0.858 seconds
Platform modules already initialized, skipping
Refreshing native plugins compatible for Editor in 0.38 ms, found 1 plugins.
Preloading 0 native plugins for Editor in 0.00 ms.
Unloading 1784 Unused Serialized files (Serialized files now loaded: 0)
System memory in use before: 87.1 MB.
System memory in use after: 87.1 MB.

Unloading 12 unused Assets to reduce memory usage. Loaded Objects now: 2250.
Total: 2.150900 ms (FindLiveObjects: 0.193900 ms CreateObjectMapping: 0.047200 ms MarkObjects: 1.811100 ms  DeleteObjects: 0.097700 ms)

========================================================================
Received Prepare
Registering precompiled user dll's ...
Registered in 0.000831 seconds.
Begin MonoManager ReloadAssembly
Native extension for WindowsStandalone target not found
Native extension for WebGL target not found
Refreshing native plugins compatible for Editor in 0.39 ms, found 1 plugins.
Preloading 0 native plugins for Editor in 0.00 ms.
Invoked RoslynAnalysisRunner static constructor.
RoslynAnalysisRunner will not be running.
RoslynAnalysisRunner has terminated.
Mono: successfully reloaded assembly
- Completed reload, in  0.865 seconds
Platform modules already initialized, skipping
Refreshing native plugins compatible for Editor in 0.36 ms, found 1 plugins.
Preloading 0 native plugins for Editor in 0.00 ms.
Unloading 1784 Unused Serialized files (Serialized files now loaded: 0)
System memory in use before: 87.1 MB.
System memory in use after: 87.1 MB.

Unloading 12 unused Assets to reduce memory usage. Loaded Objects now: 2253.
Total: 2.045200 ms (FindLiveObjects: 0.204200 ms CreateObjectMapping: 0.044500 ms MarkObjects: 1.700700 ms  DeleteObjects: 0.094400 ms)

========================================================================
Received Prepare
Registering precompiled user dll's ...
Registered in 0.001256 seconds.
Begin MonoManager ReloadAssembly
Native extension for WindowsStandalone target not found
Native extension for WebGL target not found
Refreshing native plugins compatible for Editor in 0.40 ms, found 1 plugins.
Preloading 0 native plugins for Editor in 0.00 ms.
Invoked RoslynAnalysisRunner static constructor.
RoslynAnalysisRunner will not be running.
RoslynAnalysisRunner has terminated.
Mono: successfully reloaded assembly
- Completed reload, in  0.889 seconds
Platform modules already initialized, skipping
Refreshing native plugins compatible for Editor in 0.39 ms, found 1 plugins.
Preloading 0 native plugins for Editor in 0.00 ms.
Unloading 1784 Unused Serialized files (Serialized files now loaded: 0)
System memory in use before: 87.2 MB.
System memory in use after: 87.2 MB.

Unloading 12 unused Assets to reduce memory usage. Loaded Objects now: 2256.
Total: 2.237100 ms (FindLiveObjects: 0.273000 ms CreateObjectMapping: 0.047700 ms MarkObjects: 1.806100 ms  DeleteObjects: 0.109200 ms)

========================================================================
Received Prepare
Registering precompiled user dll's ...
Registered in 0.000764 seconds.
Begin MonoManager ReloadAssembly
Native extension for WindowsStandalone target not found
Native extension for WebGL target not found
Refreshing native plugins compatible for Editor in 0.40 ms, found 1 plugins.
Preloading 0 native plugins for Editor in 0.00 ms.
Invoked RoslynAnalysisRunner static constructor.
RoslynAnalysisRunner will not be running.
RoslynAnalysisRunner has terminated.
Mono: successfully reloaded assembly
- Completed reload, in  0.899 seconds
Platform modules already initialized, skipping
Refreshing native plugins compatible for Editor in 0.38 ms, found 1 plugins.
Preloading 0 native plugins for Editor in 0.00 ms.
Unloading 1784 Unused Serialized files (Serialized files now loaded: 0)
System memory in use before: 87.3 MB.
System memory in use after: 87.3 MB.

Unloading 12 unused Assets to reduce memory usage. Loaded Objects now: 2259.
Total: 2.261900 ms (FindLiveObjects: 0.242700 ms CreateObjectMapping: 0.050900 ms MarkObjects: 1.856600 ms  DeleteObjects: 0.110600 ms)

========================================================================
Received Prepare
Registering precompiled user dll's ...
Registered in 0.000898 seconds.
Begin MonoManager ReloadAssembly
Native extension for WindowsStandalone target not found
Native extension for WebGL target not found
Refreshing native plugins compatible for Editor in 0.37 ms, found 1 plugins.
Preloading 0 native plugins for Editor in 0.00 ms.
Invoked RoslynAnalysisRunner static constructor.
RoslynAnalysisRunner will not be running.
RoslynAnalysisRunner has terminated.
Mono: successfully reloaded assembly
- Completed reload, in  0.840 seconds
Platform modules already initialized, skipping
Refreshing native plugins compatible for Editor in 0.35 ms, found 1 plugins.
Preloading 0 native plugins for Editor in 0.00 ms.
Unloading 1784 Unused Serialized files (Serialized files now loaded: 0)
System memory in use before: 87.4 MB.
System memory in use after: 87.4 MB.

Unloading 12 unused Assets to reduce memory usage. Loaded Objects now: 2262.
Total: 2.549600 ms (FindLiveObjects: 0.223200 ms CreateObjectMapping: 0.044800 ms MarkObjects: 2.160700 ms  DeleteObjects: 0.119800 ms)

========================================================================
Received Prepare
Registering precompiled user dll's ...
Registered in 0.000775 seconds.
Begin MonoManager ReloadAssembly
Native extension for WindowsStandalone target not found
Native extension for WebGL target not found
Refreshing native plugins compatible for Editor in 0.36 ms, found 1 plugins.
Preloading 0 native plugins for Editor in 0.00 ms.
Invoked RoslynAnalysisRunner static constructor.
RoslynAnalysisRunner will not be running.
RoslynAnalysisRunner has terminated.
Mono: successfully reloaded assembly
- Completed reload, in  0.821 seconds
Platform modules already initialized, skipping
Refreshing native plugins compatible for Editor in 0.36 ms, found 1 plugins.
Preloading 0 native plugins for Editor in 0.00 ms.
Unloading 1784 Unused Serialized files (Serialized files now loaded: 0)
System memory in use before: 87.4 MB.
System memory in use after: 87.4 MB.

Unloading 12 unused Assets to reduce memory usage. Loaded Objects now: 2265.
Total: 2.212900 ms (FindLiveObjects: 0.244400 ms CreateObjectMapping: 0.045000 ms MarkObjects: 1.820500 ms  DeleteObjects: 0.101800 ms)

========================================================================
Received Prepare
Registering precompiled user dll's ...
Registered in 0.000791 seconds.
Begin MonoManager ReloadAssembly
Native extension for WindowsStandalone target not found
Native extension for WebGL target not found
Refreshing native plugins compatible for Editor in 0.51 ms, found 1 plugins.
Preloading 0 native plugins for Editor in 0.00 ms.
Invoked RoslynAnalysisRunner static constructor.
RoslynAnalysisRunner will not be running.
RoslynAnalysisRunner has terminated.
Mono: successfully reloaded assembly
- Completed reload, in  0.838 seconds
Platform modules already initialized, skipping
Refreshing native plugins compatible for Editor in 0.43 ms, found 1 plugins.
Preloading 0 native plugins for Editor in 0.00 ms.
Unloading 1784 Unused Serialized files (Serialized files now loaded: 0)
System memory in use before: 87.5 MB.
System memory in use after: 87.5 MB.

Unloading 12 unused Assets to reduce memory usage. Loaded Objects now: 2268.
Total: 2.097000 ms (FindLiveObjects: 0.203400 ms CreateObjectMapping: 0.044700 ms MarkObjects: 1.742600 ms  DeleteObjects: 0.105400 ms)

========================================================================
Received Prepare
Registering precompiled user dll's ...
Registered in 0.000886 seconds.
Begin MonoManager ReloadAssembly
Native extension for WindowsStandalone target not found
Native extension for WebGL target not found
Refreshing native plugins compatible for Editor in 0.36 ms, found 1 plugins.
Preloading 0 native plugins for Editor in 0.00 ms.
Invoked RoslynAnalysisRunner static constructor.
RoslynAnalysisRunner will not be running.
RoslynAnalysisRunner has terminated.
Mono: successfully reloaded assembly
- Completed reload, in  0.843 seconds
Platform modules already initialized, skipping
Refreshing native plugins compatible for Editor in 0.36 ms, found 1 plugins.
Preloading 0 native plugins for Editor in 0.00 ms.
Unloading 1784 Unused Serialized files (Serialized files now loaded: 0)
System memory in use before: 87.5 MB.
System memory in use after: 87.5 MB.

Unloading 12 unused Assets to reduce memory usage. Loaded Objects now: 2271.
Total: 2.013100 ms (FindLiveObjects: 0.220900 ms CreateObjectMapping: 0.043500 ms MarkObjects: 1.643000 ms  DeleteObjects: 0.104600 ms)

========================================================================
Received Prepare
Registering precompiled user dll's ...
Registered in 0.000851 seconds.
Begin MonoManager ReloadAssembly
Native extension for WindowsStandalone target not found
Native extension for WebGL target not found
Refreshing native plugins compatible for Editor in 0.37 ms, found 1 plugins.
Preloading 0 native plugins for Editor in 0.00 ms.
Invoked RoslynAnalysisRunner static constructor.
RoslynAnalysisRunner will not be running.
RoslynAnalysisRunner has terminated.
Mono: successfully reloaded assembly
- Completed reload, in  0.872 seconds
Platform modules already initialized, skipping
Refreshing native plugins compatible for Editor in 0.55 ms, found 1 plugins.
Preloading 0 native plugins for Editor in 0.00 ms.
Unloading 1784 Unused Serialized files (Serialized files now loaded: 0)
System memory in use before: 87.6 MB.
System memory in use after: 87.6 MB.

Unloading 12 unused Assets to reduce memory usage. Loaded Objects now: 2274.
Total: 2.566400 ms (FindLiveObjects: 0.220600 ms CreateObjectMapping: 0.044700 ms MarkObjects: 2.177900 ms  DeleteObjects: 0.121600 ms)

========================================================================
Received Prepare
Registering precompiled user dll's ...
Registered in 0.000793 seconds.
Begin MonoManager ReloadAssembly
Native extension for WindowsStandalone target not found
Native extension for WebGL target not found
Refreshing native plugins compatible for Editor in 0.37 ms, found 1 plugins.
Preloading 0 native plugins for Editor in 0.00 ms.
Invoked RoslynAnalysisRunner static constructor.
RoslynAnalysisRunner will not be running.
RoslynAnalysisRunner has terminated.
Mono: successfully reloaded assembly
- Completed reload, in  0.843 seconds
Platform modules already initialized, skipping
Refreshing native plugins compatible for Editor in 0.36 ms, found 1 plugins.
Preloading 0 native plugins for Editor in 0.00 ms.
Unloading 1784 Unused Serialized files (Serialized files now loaded: 0)
System memory in use before: 87.7 MB.
System memory in use after: 87.7 MB.

Unloading 12 unused Assets to reduce memory usage. Loaded Objects now: 2277.
Total: 2.255200 ms (FindLiveObjects: 0.227300 ms CreateObjectMapping: 0.044700 ms MarkObjects: 1.871300 ms  DeleteObjects: 0.110400 ms)

========================================================================
Received Prepare
Registering precompiled user dll's ...
Registered in 0.001032 seconds.
Begin MonoManager ReloadAssembly
Native extension for WindowsStandalone target not found
Native extension for WebGL target not found
Refreshing native plugins compatible for Editor in 0.37 ms, found 1 plugins.
Preloading 0 native plugins for Editor in 0.00 ms.
Invoked RoslynAnalysisRunner static constructor.
RoslynAnalysisRunner will not be running.
RoslynAnalysisRunner has terminated.
Mono: successfully reloaded assembly
- Completed reload, in  0.841 seconds
Platform modules already initialized, skipping
Refreshing native plugins compatible for Editor in 0.36 ms, found 1 plugins.
Preloading 0 native plugins for Editor in 0.00 ms.
Unloading 1784 Unused Serialized files (Serialized files now loaded: 0)
System memory in use before: 87.8 MB.
System memory in use after: 87.8 MB.

Unloading 12 unused Assets to reduce memory usage. Loaded Objects now: 2280.
Total: 2.685500 ms (FindLiveObjects: 0.272500 ms CreateObjectMapping: 0.061300 ms MarkObjects: 2.226300 ms  DeleteObjects: 0.124200 ms)

========================================================================
Received Prepare
Registering precompiled user dll's ...
Registered in 0.000803 seconds.
Begin MonoManager ReloadAssembly
Native extension for WindowsStandalone target not found
Native extension for WebGL target not found
Refreshing native plugins compatible for Editor in 0.45 ms, found 1 plugins.
Preloading 0 native plugins for Editor in 0.00 ms.
Invoked RoslynAnalysisRunner static constructor.
RoslynAnalysisRunner will not be running.
RoslynAnalysisRunner has terminated.
Mono: successfully reloaded assembly
- Completed reload, in  0.858 seconds
Platform modules already initialized, skipping
Refreshing native plugins compatible for Editor in 0.42 ms, found 1 plugins.
Preloading 0 native plugins for Editor in 0.00 ms.
Unloading 1784 Unused Serialized files (Serialized files now loaded: 0)
System memory in use before: 87.8 MB.
System memory in use after: 87.8 MB.

Unloading 12 unused Assets to reduce memory usage. Loaded Objects now: 2283.
Total: 2.187000 ms (FindLiveObjects: 0.249200 ms CreateObjectMapping: 0.048400 ms MarkObjects: 1.779500 ms  DeleteObjects: 0.108400 ms)

========================================================================
Received Prepare
Registering precompiled user dll's ...
Registered in 0.000825 seconds.
Begin MonoManager ReloadAssembly
Native extension for WindowsStandalone target not found
Native extension for WebGL target not found
Refreshing native plugins compatible for Editor in 0.37 ms, found 1 plugins.
Preloading 0 native plugins for Editor in 0.00 ms.
Invoked RoslynAnalysisRunner static constructor.
RoslynAnalysisRunner will not be running.
RoslynAnalysisRunner has terminated.
Mono: successfully reloaded assembly
- Completed reload, in  0.861 seconds
Platform modules already initialized, skipping
Refreshing native plugins compatible for Editor in 0.37 ms, found 1 plugins.
Preloading 0 native plugins for Editor in 0.00 ms.
Unloading 1784 Unused Serialized files (Serialized files now loaded: 0)
System memory in use before: 87.9 MB.
System memory in use after: 87.9 MB.

Unloading 12 unused Assets to reduce memory usage. Loaded Objects now: 2286.
Total: 2.151900 ms (FindLiveObjects: 0.216600 ms CreateObjectMapping: 0.045900 ms MarkObjects: 1.784200 ms  DeleteObjects: 0.103900 ms)

========================================================================
Received Prepare
Registering precompiled user dll's ...
Registered in 0.000821 seconds.
Begin MonoManager ReloadAssembly
Native extension for WindowsStandalone target not found
Native extension for WebGL target not found
Refreshing native plugins compatible for Editor in 0.54 ms, found 1 plugins.
Preloading 0 native plugins for Editor in 0.00 ms.
Invoked RoslynAnalysisRunner static constructor.
RoslynAnalysisRunner will not be running.
RoslynAnalysisRunner has terminated.
Mono: successfully reloaded assembly
- Completed reload, in  0.867 seconds
Platform modules already initialized, skipping
Refreshing native plugins compatible for Editor in 0.37 ms, found 1 plugins.
Preloading 0 native plugins for Editor in 0.00 ms.
Unloading 1784 Unused Serialized files (Serialized files now loaded: 0)
System memory in use before: 88.0 MB.
System memory in use after: 88.0 MB.

Unloading 12 unused Assets to reduce memory usage. Loaded Objects now: 2289.
Total: 2.325300 ms (FindLiveObjects: 0.408800 ms CreateObjectMapping: 0.087400 ms MarkObjects: 1.717400 ms  DeleteObjects: 0.110500 ms)

========================================================================
Received Prepare
Registering precompiled user dll's ...
Registered in 0.000831 seconds.
Begin MonoManager ReloadAssembly
Native extension for WindowsStandalone target not found
Native extension for WebGL target not found
Refreshing native plugins compatible for Editor in 0.36 ms, found 1 plugins.
Preloading 0 native plugins for Editor in 0.00 ms.
Invoked RoslynAnalysisRunner static constructor.
RoslynAnalysisRunner will not be running.
RoslynAnalysisRunner has terminated.
Mono: successfully reloaded assembly
- Completed reload, in  0.850 seconds
Platform modules already initialized, skipping
Refreshing native plugins compatible for Editor in 0.37 ms, found 1 plugins.
Preloading 0 native plugins for Editor in 0.00 ms.
Unloading 1784 Unused Serialized files (Serialized files now loaded: 0)
System memory in use before: 88.0 MB.
System memory in use after: 88.0 MB.

Unloading 12 unused Assets to reduce memory usage. Loaded Objects now: 2292.
Total: 2.115800 ms (FindLiveObjects: 0.206400 ms CreateObjectMapping: 0.044900 ms MarkObjects: 1.763600 ms  DeleteObjects: 0.099500 ms)

========================================================================
Received Prepare
Registering precompiled user dll's ...
Registered in 0.000846 seconds.
Begin MonoManager ReloadAssembly
Native extension for WindowsStandalone target not found
Native extension for WebGL target not found
Refreshing native plugins compatible for Editor in 0.43 ms, found 1 plugins.
Preloading 0 native plugins for Editor in 0.00 ms.
Invoked RoslynAnalysisRunner static constructor.
RoslynAnalysisRunner will not be running.
RoslynAnalysisRunner has terminated.
Mono: successfully reloaded assembly
- Completed reload, in  0.863 seconds
Platform modules already initialized, skipping
Refreshing native plugins compatible for Editor in 0.39 ms, found 1 plugins.
Preloading 0 native plugins for Editor in 0.00 ms.
Unloading 1784 Unused Serialized files (Serialized files now loaded: 0)
System memory in use before: 88.1 MB.
System memory in use after: 88.1 MB.

Unloading 12 unused Assets to reduce memory usage. Loaded Objects now: 2295.
Total: 2.316500 ms (FindLiveObjects: 0.226000 ms CreateObjectMapping: 0.046000 ms MarkObjects: 1.921200 ms  DeleteObjects: 0.122100 ms)

========================================================================
Received Prepare
Registering precompiled user dll's ...
Registered in 0.000763 seconds.
Begin MonoManager ReloadAssembly
Native extension for WindowsStandalone target not found
Native extension for WebGL target not found
Refreshing native plugins compatible for Editor in 0.37 ms, found 1 plugins.
Preloading 0 native plugins for Editor in 0.00 ms.
Invoked RoslynAnalysisRunner static constructor.
RoslynAnalysisRunner will not be running.
RoslynAnalysisRunner has terminated.
Mono: successfully reloaded assembly
- Completed reload, in  0.842 seconds
Platform modules already initialized, skipping
Refreshing native plugins compatible for Editor in 0.39 ms, found 1 plugins.
Preloading 0 native plugins for Editor in 0.00 ms.
Unloading 1784 Unused Serialized files (Serialized files now loaded: 0)
System memory in use before: 88.2 MB.
System memory in use after: 88.2 MB.

Unloading 12 unused Assets to reduce memory usage. Loaded Objects now: 2298.
Total: 2.285600 ms (FindLiveObjects: 0.381300 ms CreateObjectMapping: 0.045800 ms MarkObjects: 1.751900 ms  DeleteObjects: 0.105500 ms)

========================================================================
Received Prepare
Registering precompiled user dll's ...
Registered in 0.000767 seconds.
Begin MonoManager ReloadAssembly
Native extension for WindowsStandalone target not found
Native extension for WebGL target not found
Refreshing native plugins compatible for Editor in 0.36 ms, found 1 plugins.
Preloading 0 native plugins for Editor in 0.00 ms.
Invoked RoslynAnalysisRunner static constructor.
RoslynAnalysisRunner will not be running.
RoslynAnalysisRunner has terminated.
Mono: successfully reloaded assembly
- Completed reload, in  0.829 seconds
Platform modules already initialized, skipping
Refreshing native plugins compatible for Editor in 0.36 ms, found 1 plugins.
Preloading 0 native plugins for Editor in 0.00 ms.
Unloading 1784 Unused Serialized files (Serialized files now loaded: 0)
System memory in use before: 88.3 MB.
System memory in use after: 88.3 MB.

Unloading 12 unused Assets to reduce memory usage. Loaded Objects now: 2301.
Total: 2.073400 ms (FindLiveObjects: 0.221500 ms CreateObjectMapping: 0.045000 ms MarkObjects: 1.705000 ms  DeleteObjects: 0.100300 ms)

========================================================================
Received Prepare
Registering precompiled user dll's ...
Registered in 0.000928 seconds.
Begin MonoManager ReloadAssembly
Native extension for WindowsStandalone target not found
Native extension for WebGL target not found
Refreshing native plugins compatible for Editor in 0.45 ms, found 1 plugins.
Preloading 0 native plugins for Editor in 0.00 ms.
Invoked RoslynAnalysisRunner static constructor.
RoslynAnalysisRunner will not be running.
RoslynAnalysisRunner has terminated.
Mono: successfully reloaded assembly
- Completed reload, in  0.847 seconds
Platform modules already initialized, skipping
Refreshing native plugins compatible for Editor in 0.36 ms, found 1 plugins.
Preloading 0 native plugins for Editor in 0.00 ms.
Unloading 1784 Unused Serialized files (Serialized files now loaded: 0)
System memory in use before: 88.3 MB.
System memory in use after: 88.3 MB.

Unloading 12 unused Assets to reduce memory usage. Loaded Objects now: 2304.
Total: 2.150900 ms (FindLiveObjects: 0.219400 ms CreateObjectMapping: 0.046300 ms MarkObjects: 1.778900 ms  DeleteObjects: 0.104900 ms)

========================================================================
Received Prepare
Registering precompiled user dll's ...
Registered in 0.000779 seconds.
Begin MonoManager ReloadAssembly
Native extension for WindowsStandalone target not found
Native extension for WebGL target not found
Refreshing native plugins compatible for Editor in 0.37 ms, found 1 plugins.
Preloading 0 native plugins for Editor in 0.00 ms.
Invoked RoslynAnalysisRunner static constructor.
RoslynAnalysisRunner will not be running.
RoslynAnalysisRunner has terminated.
Mono: successfully reloaded assembly
- Completed reload, in  0.832 seconds
Platform modules already initialized, skipping
Refreshing native plugins compatible for Editor in 0.36 ms, found 1 plugins.
Preloading 0 native plugins for Editor in 0.00 ms.
Unloading 1784 Unused Serialized files (Serialized files now loaded: 0)
System memory in use before: 88.4 MB.
System memory in use after: 88.4 MB.

Unloading 12 unused Assets to reduce memory usage. Loaded Objects now: 2307.
Total: 2.120300 ms (FindLiveObjects: 0.230100 ms CreateObjectMapping: 0.062500 ms MarkObjects: 1.725200 ms  DeleteObjects: 0.101500 ms)

========================================================================
Received Prepare
Registering precompiled user dll's ...
Registered in 0.000831 seconds.
Begin MonoManager ReloadAssembly
Native extension for WindowsStandalone target not found
Native extension for WebGL target not found
Refreshing native plugins compatible for Editor in 0.37 ms, found 1 plugins.
Preloading 0 native plugins for Editor in 0.00 ms.
Invoked RoslynAnalysisRunner static constructor.
RoslynAnalysisRunner will not be running.
RoslynAnalysisRunner has terminated.
Mono: successfully reloaded assembly
- Completed reload, in  0.824 seconds
Platform modules already initialized, skipping
Refreshing native plugins compatible for Editor in 0.51 ms, found 1 plugins.
Preloading 0 native plugins for Editor in 0.00 ms.
Unloading 1784 Unused Serialized files (Serialized files now loaded: 0)
System memory in use before: 88.5 MB.
System memory in use after: 88.5 MB.

Unloading 12 unused Assets to reduce memory usage. Loaded Objects now: 2310.
Total: 2.855500 ms (FindLiveObjects: 0.294600 ms CreateObjectMapping: 0.064800 ms MarkObjects: 2.366700 ms  DeleteObjects: 0.127700 ms)

========================================================================
Received Prepare
Registering precompiled user dll's ...
Registered in 0.000845 seconds.
Begin MonoManager ReloadAssembly
Native extension for WindowsStandalone target not found
Native extension for WebGL target not found
Refreshing native plugins compatible for Editor in 0.38 ms, found 1 plugins.
Preloading 0 native plugins for Editor in 0.00 ms.
Invoked RoslynAnalysisRunner static constructor.
RoslynAnalysisRunner will not be running.
RoslynAnalysisRunner has terminated.
Mono: successfully reloaded assembly
- Completed reload, in  0.856 seconds
Platform modules already initialized, skipping
Refreshing native plugins compatible for Editor in 0.36 ms, found 1 plugins.
Preloading 0 native plugins for Editor in 0.00 ms.
Unloading 1784 Unused Serialized files (Serialized files now loaded: 0)
System memory in use before: 88.5 MB.
System memory in use after: 88.5 MB.

Unloading 12 unused Assets to reduce memory usage. Loaded Objects now: 2313.
Total: 2.782700 ms (FindLiveObjects: 0.403800 ms CreateObjectMapping: 0.071700 ms MarkObjects: 2.163700 ms  DeleteObjects: 0.141500 ms)

========================================================================
Received Prepare
Registering precompiled user dll's ...
Registered in 0.000804 seconds.
Begin MonoManager ReloadAssembly
Native extension for WindowsStandalone target not found
Native extension for WebGL target not found
Refreshing native plugins compatible for Editor in 0.39 ms, found 1 plugins.
Preloading 0 native plugins for Editor in 0.00 ms.
Invoked RoslynAnalysisRunner static constructor.
RoslynAnalysisRunner will not be running.
RoslynAnalysisRunner has terminated.
Mono: successfully reloaded assembly
- Completed reload, in  0.856 seconds
Platform modules already initialized, skipping
Refreshing native plugins compatible for Editor in 0.36 ms, found 1 plugins.
Preloading 0 native plugins for Editor in 0.00 ms.
Unloading 1784 Unused Serialized files (Serialized files now loaded: 0)
System memory in use before: 88.6 MB.
System memory in use after: 88.6 MB.

Unloading 12 unused Assets to reduce memory usage. Loaded Objects now: 2316.
Total: 2.325700 ms (FindLiveObjects: 0.227500 ms CreateObjectMapping: 0.045000 ms MarkObjects: 1.942700 ms  DeleteObjects: 0.107800 ms)

========================================================================
Received Prepare
Registering precompiled user dll's ...
Registered in 0.000813 seconds.
Begin MonoManager ReloadAssembly
Native extension for WindowsStandalone target not found
Native extension for WebGL target not found
Refreshing native plugins compatible for Editor in 0.40 ms, found 1 plugins.
Preloading 0 native plugins for Editor in 0.00 ms.
Invoked RoslynAnalysisRunner static constructor.
RoslynAnalysisRunner will not be running.
RoslynAnalysisRunner has terminated.
Mono: successfully reloaded assembly
- Completed reload, in  0.855 seconds
Platform modules already initialized, skipping
Refreshing native plugins compatible for Editor in 0.37 ms, found 1 plugins.
Preloading 0 native plugins for Editor in 0.00 ms.
Unloading 1784 Unused Serialized files (Serialized files now loaded: 0)
System memory in use before: 88.7 MB.
System memory in use after: 88.7 MB.

Unloading 12 unused Assets to reduce memory usage. Loaded Objects now: 2319.
Total: 2.170100 ms (FindLiveObjects: 0.196200 ms CreateObjectMapping: 0.045900 ms MarkObjects: 1.811800 ms  DeleteObjects: 0.115200 ms)

========================================================================
Received Prepare
Registering precompiled user dll's ...
Registered in 0.000737 seconds.
Begin MonoManager ReloadAssembly
Native extension for WindowsStandalone target not found
Native extension for WebGL target not found
Refreshing native plugins compatible for Editor in 0.37 ms, found 1 plugins.
Preloading 0 native plugins for Editor in 0.00 ms.
Invoked RoslynAnalysisRunner static constructor.
RoslynAnalysisRunner will not be running.
RoslynAnalysisRunner has terminated.
Mono: successfully reloaded assembly
- Completed reload, in  0.854 seconds
Platform modules already initialized, skipping
Refreshing native plugins compatible for Editor in 0.37 ms, found 1 plugins.
Preloading 0 native plugins for Editor in 0.00 ms.
Unloading 1784 Unused Serialized files (Serialized files now loaded: 0)
System memory in use before: 88.8 MB.
System memory in use after: 88.8 MB.

Unloading 12 unused Assets to reduce memory usage. Loaded Objects now: 2322.
Total: 2.152800 ms (FindLiveObjects: 0.197700 ms CreateObjectMapping: 0.047500 ms MarkObjects: 1.797600 ms  DeleteObjects: 0.109200 ms)

========================================================================
Received Prepare
Registering precompiled user dll's ...
Registered in 0.000788 seconds.
Begin MonoManager ReloadAssembly
Native extension for WindowsStandalone target not found
Native extension for WebGL target not found
Refreshing native plugins compatible for Editor in 0.39 ms, found 1 plugins.
Preloading 0 native plugins for Editor in 0.00 ms.
Invoked RoslynAnalysisRunner static constructor.
RoslynAnalysisRunner will not be running.
RoslynAnalysisRunner has terminated.
Mono: successfully reloaded assembly
- Completed reload, in  0.852 seconds
Platform modules already initialized, skipping
Refreshing native plugins compatible for Editor in 0.36 ms, found 1 plugins.
Preloading 0 native plugins for Editor in 0.00 ms.
Unloading 1784 Unused Serialized files (Serialized files now loaded: 0)
System memory in use before: 88.8 MB.
System memory in use after: 88.8 MB.

Unloading 12 unused Assets to reduce memory usage. Loaded Objects now: 2325.
Total: 2.592800 ms (FindLiveObjects: 0.256400 ms CreateObjectMapping: 0.059300 ms MarkObjects: 2.149300 ms  DeleteObjects: 0.126200 ms)

========================================================================
Received Prepare
Registering precompiled user dll's ...
Registered in 0.000771 seconds.
Begin MonoManager ReloadAssembly
Native extension for WindowsStandalone target not found
Native extension for WebGL target not found
Refreshing native plugins compatible for Editor in 0.37 ms, found 1 plugins.
Preloading 0 native plugins for Editor in 0.00 ms.
Invoked RoslynAnalysisRunner static constructor.
RoslynAnalysisRunner will not be running.
RoslynAnalysisRunner has terminated.
Mono: successfully reloaded assembly
- Completed reload, in  0.833 seconds
Platform modules already initialized, skipping
Refreshing native plugins compatible for Editor in 0.36 ms, found 1 plugins.
Preloading 0 native plugins for Editor in 0.00 ms.
Unloading 1784 Unused Serialized files (Serialized files now loaded: 0)
System memory in use before: 88.9 MB.
System memory in use after: 88.9 MB.

Unloading 12 unused Assets to reduce memory usage. Loaded Objects now: 2328.
Total: 2.114700 ms (FindLiveObjects: 0.213000 ms CreateObjectMapping: 0.047800 ms MarkObjects: 1.751000 ms  DeleteObjects: 0.102000 ms)

========================================================================
Received Prepare
Registering precompiled user dll's ...
Registered in 0.000809 seconds.
Begin MonoManager ReloadAssembly
Native extension for WindowsStandalone target not found
Native extension for WebGL target not found
Refreshing native plugins compatible for Editor in 0.38 ms, found 1 plugins.
Preloading 0 native plugins for Editor in 0.00 ms.
Invoked RoslynAnalysisRunner static constructor.
RoslynAnalysisRunner will not be running.
RoslynAnalysisRunner has terminated.
Mono: successfully reloaded assembly
- Completed reload, in  0.858 seconds
Platform modules already initialized, skipping
Refreshing native plugins compatible for Editor in 0.38 ms, found 1 plugins.
Preloading 0 native plugins for Editor in 0.00 ms.
Unloading 1784 Unused Serialized files (Serialized files now loaded: 0)
System memory in use before: 88.9 MB.
System memory in use after: 88.9 MB.

Unloading 12 unused Assets to reduce memory usage. Loaded Objects now: 2331.
Total: 2.186200 ms (FindLiveObjects: 0.237700 ms CreateObjectMapping: 0.049400 ms MarkObjects: 1.794200 ms  DeleteObjects: 0.103400 ms)

========================================================================
Received Prepare
Registering precompiled user dll's ...
Registered in 0.000826 seconds.
Begin MonoManager ReloadAssembly
Native extension for WindowsStandalone target not found
Native extension for WebGL target not found
Refreshing native plugins compatible for Editor in 0.37 ms, found 1 plugins.
Preloading 0 native plugins for Editor in 0.00 ms.
Invoked RoslynAnalysisRunner static constructor.
RoslynAnalysisRunner will not be running.
RoslynAnalysisRunner has terminated.
Mono: successfully reloaded assembly
- Completed reload, in  0.841 seconds
Platform modules already initialized, skipping
Refreshing native plugins compatible for Editor in 0.42 ms, found 1 plugins.
Preloading 0 native plugins for Editor in 0.00 ms.
Unloading 1784 Unused Serialized files (Serialized files now loaded: 0)
System memory in use before: 88.0 MB.
System memory in use after: 88.0 MB.

Unloading 12 unused Assets to reduce memory usage. Loaded Objects now: 2334.
Total: 3.836900 ms (FindLiveObjects: 0.290100 ms CreateObjectMapping: 0.094700 ms MarkObjects: 3.275600 ms  DeleteObjects: 0.174400 ms)

========================================================================
Received Prepare
Registering precompiled user dll's ...
Registered in 0.000845 seconds.
Begin MonoManager ReloadAssembly
Native extension for WindowsStandalone target not found
Native extension for WebGL target not found
Refreshing native plugins compatible for Editor in 0.38 ms, found 1 plugins.
Preloading 0 native plugins for Editor in 0.00 ms.
Invoked RoslynAnalysisRunner static constructor.
RoslynAnalysisRunner will not be running.
RoslynAnalysisRunner has terminated.
Mono: successfully reloaded assembly
- Completed reload, in  0.842 seconds
Platform modules already initialized, skipping
Refreshing native plugins compatible for Editor in 0.35 ms, found 1 plugins.
Preloading 0 native plugins for Editor in 0.00 ms.
Unloading 1784 Unused Serialized files (Serialized files now loaded: 0)
System memory in use before: 88.1 MB.
System memory in use after: 88.1 MB.

Unloading 12 unused Assets to reduce memory usage. Loaded Objects now: 2337.
Total: 3.178800 ms (FindLiveObjects: 0.383400 ms CreateObjectMapping: 0.066500 ms MarkObjects: 2.581500 ms  DeleteObjects: 0.146000 ms)

========================================================================
Received Prepare
Registering precompiled user dll's ...
Registered in 0.000810 seconds.
Begin MonoManager ReloadAssembly
Native extension for WindowsStandalone target not found
Native extension for WebGL target not found
Refreshing native plugins compatible for Editor in 0.37 ms, found 1 plugins.
Preloading 0 native plugins for Editor in 0.00 ms.
Invoked RoslynAnalysisRunner static constructor.
RoslynAnalysisRunner will not be running.
RoslynAnalysisRunner has terminated.
Mono: successfully reloaded assembly
- Completed reload, in  0.839 seconds
Platform modules already initialized, skipping
Refreshing native plugins compatible for Editor in 0.37 ms, found 1 plugins.
Preloading 0 native plugins for Editor in 0.00 ms.
Unloading 1784 Unused Serialized files (Serialized files now loaded: 0)
System memory in use before: 88.2 MB.
System memory in use after: 88.2 MB.

Unloading 12 unused Assets to reduce memory usage. Loaded Objects now: 2340.
Total: 2.128800 ms (FindLiveObjects: 0.200500 ms CreateObjectMapping: 0.047400 ms MarkObjects: 1.775700 ms  DeleteObjects: 0.104200 ms)

========================================================================
Received Prepare
Registering precompiled user dll's ...
Registered in 0.000813 seconds.
Begin MonoManager ReloadAssembly
Native extension for WindowsStandalone target not found
Native extension for WebGL target not found
Refreshing native plugins compatible for Editor in 0.53 ms, found 1 plugins.
Preloading 0 native plugins for Editor in 0.00 ms.
Invoked RoslynAnalysisRunner static constructor.
RoslynAnalysisRunner will not be running.
RoslynAnalysisRunner has terminated.
Mono: successfully reloaded assembly
- Completed reload, in  0.865 seconds
Platform modules already initialized, skipping
Refreshing native plugins compatible for Editor in 0.38 ms, found 1 plugins.
Preloading 0 native plugins for Editor in 0.00 ms.
Unloading 1784 Unused Serialized files (Serialized files now loaded: 0)
System memory in use before: 88.2 MB.
System memory in use after: 88.2 MB.

Unloading 12 unused Assets to reduce memory usage. Loaded Objects now: 2343.
Total: 2.219300 ms (FindLiveObjects: 0.251100 ms CreateObjectMapping: 0.047400 ms MarkObjects: 1.805600 ms  DeleteObjects: 0.113500 ms)

========================================================================
Received Prepare
Registering precompiled user dll's ...
Registered in 0.000738 seconds.
Begin MonoManager ReloadAssembly
Native extension for WindowsStandalone target not found
Native extension for WebGL target not found
Refreshing native plugins compatible for Editor in 0.37 ms, found 1 plugins.
Preloading 0 native plugins for Editor in 0.00 ms.
Invoked RoslynAnalysisRunner static constructor.
RoslynAnalysisRunner will not be running.
RoslynAnalysisRunner has terminated.
Mono: successfully reloaded assembly
- Completed reload, in  0.860 seconds
Platform modules already initialized, skipping
Refreshing native plugins compatible for Editor in 0.39 ms, found 1 plugins.
Preloading 0 native plugins for Editor in 0.00 ms.
Unloading 1784 Unused Serialized files (Serialized files now loaded: 0)
System memory in use before: 88.3 MB.
System memory in use after: 88.3 MB.

Unloading 12 unused Assets to reduce memory usage. Loaded Objects now: 2346.
Total: 2.106300 ms (FindLiveObjects: 0.194000 ms CreateObjectMapping: 0.045400 ms MarkObjects: 1.763300 ms  DeleteObjects: 0.102600 ms)

========================================================================
Received Prepare
Registering precompiled user dll's ...
Registered in 0.000815 seconds.
Begin MonoManager ReloadAssembly
Native extension for WindowsStandalone target not found
Native extension for WebGL target not found
Refreshing native plugins compatible for Editor in 0.40 ms, found 1 plugins.
Preloading 0 native plugins for Editor in 0.00 ms.
Invoked RoslynAnalysisRunner static constructor.
RoslynAnalysisRunner will not be running.
RoslynAnalysisRunner has terminated.
Mono: successfully reloaded assembly
- Completed reload, in  0.851 seconds
Platform modules already initialized, skipping
Refreshing native plugins compatible for Editor in 0.37 ms, found 1 plugins.
Preloading 0 native plugins for Editor in 0.00 ms.
Unloading 1784 Unused Serialized files (Serialized files now loaded: 0)
System memory in use before: 88.4 MB.
System memory in use after: 88.4 MB.

Unloading 12 unused Assets to reduce memory usage. Loaded Objects now: 2349.
Total: 2.929700 ms (FindLiveObjects: 0.393800 ms CreateObjectMapping: 0.070300 ms MarkObjects: 2.328700 ms  DeleteObjects: 0.135300 ms)

========================================================================
Received Prepare
Registering precompiled user dll's ...
Registered in 0.000830 seconds.
Begin MonoManager ReloadAssembly
Native extension for WindowsStandalone target not found
Native extension for WebGL target not found
Refreshing native plugins compatible for Editor in 0.36 ms, found 1 plugins.
Preloading 0 native plugins for Editor in 0.00 ms.
Invoked RoslynAnalysisRunner static constructor.
RoslynAnalysisRunner will not be running.
RoslynAnalysisRunner has terminated.
Mono: successfully reloaded assembly
- Completed reload, in  0.834 seconds
Platform modules already initialized, skipping
Refreshing native plugins compatible for Editor in 0.43 ms, found 1 plugins.
Preloading 0 native plugins for Editor in 0.00 ms.
Unloading 1784 Unused Serialized files (Serialized files now loaded: 0)
System memory in use before: 88.4 MB.
System memory in use after: 88.4 MB.

Unloading 12 unused Assets to reduce memory usage. Loaded Objects now: 2352.
Total: 2.056900 ms (FindLiveObjects: 0.194800 ms CreateObjectMapping: 0.044900 ms MarkObjects: 1.718400 ms  DeleteObjects: 0.097800 ms)

========================================================================
Received Prepare
Registering precompiled user dll's ...
Registered in 0.000815 seconds.
Begin MonoManager ReloadAssembly
Native extension for WindowsStandalone target not found
Native extension for WebGL target not found
Refreshing native plugins compatible for Editor in 0.38 ms, found 1 plugins.
Preloading 0 native plugins for Editor in 0.00 ms.
Invoked RoslynAnalysisRunner static constructor.
RoslynAnalysisRunner will not be running.
RoslynAnalysisRunner has terminated.
Mono: successfully reloaded assembly
- Completed reload, in  0.850 seconds
Platform modules already initialized, skipping
Refreshing native plugins compatible for Editor in 0.38 ms, found 1 plugins.
Preloading 0 native plugins for Editor in 0.00 ms.
Unloading 1784 Unused Serialized files (Serialized files now loaded: 0)
System memory in use before: 88.5 MB.
System memory in use after: 88.5 MB.

Unloading 12 unused Assets to reduce memory usage. Loaded Objects now: 2355.
Total: 2.169400 ms (FindLiveObjects: 0.254100 ms CreateObjectMapping: 0.048000 ms MarkObjects: 1.754900 ms  DeleteObjects: 0.111100 ms)

========================================================================
Received Prepare
Registering precompiled user dll's ...
Registered in 0.000876 seconds.
Begin MonoManager ReloadAssembly
Native extension for WindowsStandalone target not found
Native extension for WebGL target not found
Refreshing native plugins compatible for Editor in 0.37 ms, found 1 plugins.
Preloading 0 native plugins for Editor in 0.00 ms.
Invoked RoslynAnalysisRunner static constructor.
RoslynAnalysisRunner will not be running.
RoslynAnalysisRunner has terminated.
Mono: successfully reloaded assembly
- Completed reload, in  0.857 seconds
Platform modules already initialized, skipping
Refreshing native plugins compatible for Editor in 0.36 ms, found 1 plugins.
Preloading 0 native plugins for Editor in 0.00 ms.
Unloading 1784 Unused Serialized files (Serialized files now loaded: 0)
System memory in use before: 88.6 MB.
System memory in use after: 88.6 MB.

Unloading 12 unused Assets to reduce memory usage. Loaded Objects now: 2358.
Total: 2.147100 ms (FindLiveObjects: 0.251100 ms CreateObjectMapping: 0.062700 ms MarkObjects: 1.724000 ms  DeleteObjects: 0.108000 ms)

========================================================================
Received Prepare
Registering precompiled user dll's ...
Registered in 0.000762 seconds.
Begin MonoManager ReloadAssembly
Native extension for WindowsStandalone target not found
Native extension for WebGL target not found
Refreshing native plugins compatible for Editor in 0.43 ms, found 1 plugins.
Preloading 0 native plugins for Editor in 0.00 ms.
Invoked RoslynAnalysisRunner static constructor.
RoslynAnalysisRunner will not be running.
RoslynAnalysisRunner has terminated.
Mono: successfully reloaded assembly
- Completed reload, in  0.883 seconds
Platform modules already initialized, skipping
Refreshing native plugins compatible for Editor in 0.44 ms, found 1 plugins.
Preloading 0 native plugins for Editor in 0.00 ms.
Unloading 1784 Unused Serialized files (Serialized files now loaded: 0)
System memory in use before: 88.6 MB.
System memory in use after: 88.6 MB.

Unloading 12 unused Assets to reduce memory usage. Loaded Objects now: 2361.
Total: 2.193200 ms (FindLiveObjects: 0.239600 ms CreateObjectMapping: 0.047700 ms MarkObjects: 1.803100 ms  DeleteObjects: 0.101300 ms)

========================================================================
Received Prepare
Registering precompiled user dll's ...
Registered in 0.000924 seconds.
Begin MonoManager ReloadAssembly
Native extension for WindowsStandalone target not found
Native extension for WebGL target not found
Refreshing native plugins compatible for Editor in 0.39 ms, found 1 plugins.
Preloading 0 native plugins for Editor in 0.00 ms.
Invoked RoslynAnalysisRunner static constructor.
RoslynAnalysisRunner will not be running.
RoslynAnalysisRunner has terminated.
Mono: successfully reloaded assembly
- Completed reload, in  0.847 seconds
Platform modules already initialized, skipping
Refreshing native plugins compatible for Editor in 0.36 ms, found 1 plugins.
Preloading 0 native plugins for Editor in 0.00 ms.
Unloading 1784 Unused Serialized files (Serialized files now loaded: 0)
System memory in use before: 88.7 MB.
System memory in use after: 88.7 MB.

Unloading 12 unused Assets to reduce memory usage. Loaded Objects now: 2364.
Total: 2.051500 ms (FindLiveObjects: 0.209600 ms CreateObjectMapping: 0.043900 ms MarkObjects: 1.695900 ms  DeleteObjects: 0.101000 ms)

AssetImportWorkerClient::OnTransportError - code=2 error=End of file
